<?xml version="1.0" encoding="UTF-8"?>
<robot generator="Robot 4.0.1 (Python 3.8.3 on win32)" generated="20210509 15:56:43.182" rpa="false" schemaversion="2">
<suite id="s1" name="Roundtrip" source="C:\Users\Sudama\PycharmProjects\PlateIQ_Assign\makemytrip\roundtrip.robot">
<test id="s1-t1" name="Login_makemytrip">
<kw name="Open Browser" library="SeleniumLibrary">
<arg>${url}</arg>
<arg>${browser}</arg>
<doc>Opens a new browser instance to the optional ``url``.</doc>
<msg timestamp="20210509 15:56:43.713" level="INFO">Opening browser 'chrome' to base url 'https://www.makemytrip.com/'.</msg>
<status status="PASS" starttime="20210509 15:56:43.713" endtime="20210509 15:56:55.696"/>
</kw>
<kw name="Maximize Browser Window" library="SeleniumLibrary">
<doc>Maximizes current browser window.</doc>
<status status="PASS" starttime="20210509 15:56:55.697" endtime="20210509 15:56:55.860"/>
</kw>
<kw name="Get Selenium Implicit Wait" library="SeleniumLibrary">
<var>${implicittime}</var>
<doc>Gets the implicit wait value used by Selenium.</doc>
<msg timestamp="20210509 15:56:55.863" level="INFO">${implicittime} = 0 seconds</msg>
<status status="PASS" starttime="20210509 15:56:55.861" endtime="20210509 15:56:55.864"/>
</kw>
<kw name="Log To Console" library="BuiltIn">
<arg>${implicittime}</arg>
<doc>Logs the given message to the console.</doc>
<status status="PASS" starttime="20210509 15:56:55.866" endtime="20210509 15:56:55.867"/>
</kw>
<kw name="Set Selenium Implicit Wait" library="SeleniumLibrary">
<arg>20 seconds</arg>
<doc>Sets the implicit wait value used by Selenium.</doc>
<status status="PASS" starttime="20210509 15:56:55.868" endtime="20210509 15:56:55.871"/>
</kw>
<kw name="Click Element" library="SeleniumLibrary">
<arg>xpath://li[@data-cy="account"]</arg>
<doc>Click the element identified by ``locator``.</doc>
<msg timestamp="20210509 15:56:55.872" level="INFO">Clicking element 'xpath://li[@data-cy="account"]'.</msg>
<status status="PASS" starttime="20210509 15:56:55.872" endtime="20210509 15:56:56.720"/>
</kw>
<kw name="Input Text" library="SeleniumLibrary">
<arg>id:username</arg>
<arg>testplateiq@gmail.com</arg>
<doc>Types the given ``text`` into the text field identified by ``locator``.</doc>
<msg timestamp="20210509 15:56:56.722" level="INFO">Typing text 'testplateiq@gmail.com' into text field 'id:username'.</msg>
<status status="PASS" starttime="20210509 15:56:56.721" endtime="20210509 15:56:57.722"/>
</kw>
<kw name="Click Button" library="SeleniumLibrary">
<arg>xpath://button[@class="capText font16"]</arg>
<doc>Clicks the button identified by ``locator``.</doc>
<msg timestamp="20210509 15:56:57.724" level="INFO">Clicking button 'xpath://button[@class="capText font16"]'.</msg>
<status status="PASS" starttime="20210509 15:56:57.723" endtime="20210509 15:56:57.995"/>
</kw>
<kw name="Input Text" library="SeleniumLibrary">
<arg>id:password</arg>
<arg>test@123</arg>
<doc>Types the given ``text`` into the text field identified by ``locator``.</doc>
<msg timestamp="20210509 15:56:57.997" level="INFO">Typing text 'test@123' into text field 'id:password'.</msg>
<status status="PASS" starttime="20210509 15:56:57.996" endtime="20210509 15:56:58.748"/>
</kw>
<kw name="Click Button" library="SeleniumLibrary">
<arg>xpath://button[@data-cy="login"]</arg>
<doc>Clicks the button identified by ``locator``.</doc>
<msg timestamp="20210509 15:56:58.750" level="INFO">Clicking button 'xpath://button[@data-cy="login"]'.</msg>
<status status="PASS" starttime="20210509 15:56:58.749" endtime="20210509 15:56:59.078"/>
</kw>
<kw name="Sleep" library="BuiltIn">
<arg>2</arg>
<doc>Pauses the test executed for the given time.</doc>
<msg timestamp="20210509 15:57:01.088" level="INFO">Slept 2 seconds</msg>
<status status="PASS" starttime="20210509 15:56:59.079" endtime="20210509 15:57:01.088"/>
</kw>
<kw name="Close Browser" library="SeleniumLibrary">
<doc>Closes the current browser.</doc>
<status status="PASS" starttime="20210509 15:57:01.089" endtime="20210509 15:57:04.045"/>
</kw>
<status status="PASS" starttime="20210509 15:56:43.697" endtime="20210509 15:57:04.045"/>
</test>
<status status="PASS" starttime="20210509 15:56:43.182" endtime="20210509 15:57:04.045"/>
</suite>
<statistics>
<total>
<stat pass="1" fail="0" skip="0">All Tests</stat>
</total>
<tag>
</tag>
<suite>
<stat pass="1" fail="0" skip="0" id="s1" name="Roundtrip">Roundtrip</stat>
</suite>
</statistics>
<errors>
</errors>
</robot>
